<?xml version="1.0" encoding="UTF-8"?>
<!-- Generated by org.testng.reporters.JUnitReportReporter -->
<testsuite hostname="Mypc" name="com.orgHrm.testNGMaster.dataprovider" tests="3" failures="0" timestamp="5 Jul 2016 14:16:55 GMT" time="0.100" errors="0">
  <testcase name="login" time="0.056" classname="com.orgHrm.testNGMaster.dataprovider"/>
  <testcase name="login" time="0.027" classname="com.orgHrm.testNGMaster.dataprovider"/>
  <testcase name="login" time="0.017" classname="com.orgHrm.testNGMaster.dataprovider"/>
</testsuite> <!-- com.orgHrm.testNGMaster.dataprovider -->
