<?xml version="1.0" encoding="UTF-8"?>
<!-- Generated by org.testng.reporters.JUnitReportReporter -->
<testsuite hostname="Mypc" name="com.orgHrm.pages.loginTC" tests="1" failures="0" timestamp="11 Jul 2016 14:02:58 GMT" time="38.514" errors="0">
  <testcase name="login" time="38.514" classname="com.orgHrm.pages.loginTC"/>
</testsuite> <!-- com.orgHrm.pages.loginTC -->
