<?xml version="1.0" encoding="UTF-8"?>
<!-- Generated by org.testng.reporters.JUnitReportReporter -->
<testsuite hostname="Mypc" name="com.orgHrm.testNGMaster.dataprovidereg" tests="3" failures="0" timestamp="5 Jul 2016 14:29:22 GMT" time="53.427" errors="0">
  <testcase name="blaunch" time="8.745" classname="com.orgHrm.testNGMaster.dataprovidereg"/>
  <testcase name="blaunch" time="19.607" classname="com.orgHrm.testNGMaster.dataprovidereg"/>
  <testcase name="blaunch" time="25.075" classname="com.orgHrm.testNGMaster.dataprovidereg"/>
</testsuite> <!-- com.orgHrm.testNGMaster.dataprovidereg -->
