<?xml version="1.0" encoding="UTF-8"?>
<!-- Generated by org.testng.reporters.JUnitReportReporter -->
<testsuite hostname="Mypc" name="com.orgHrm.driver.hybriddriven" tests="1" failures="0" timestamp="7 Jul 2016 14:46:21 GMT" time="93.664" errors="0">
  <testcase name="driver" time="93.664" classname="com.orgHrm.driver.hybriddriven"/>
</testsuite> <!-- com.orgHrm.driver.hybriddriven -->
