<?xml version="1.0" encoding="UTF-8"?>
<!-- Generated by org.testng.reporters.JUnitReportReporter -->
<testsuite hostname="Mypc" name="com.orgHrm.driver.keyworddriver" tests="1" failures="0" timestamp="7 Jul 2016 14:25:44 GMT" time="95.911" errors="0">
  <testcase name="driver" time="95.911" classname="com.orgHrm.driver.keyworddriver"/>
</testsuite> <!-- com.orgHrm.driver.keyworddriver -->
