<?xml version="1.0" encoding="UTF-8"?>
<!-- Generated by org.testng.reporters.JUnitReportReporter -->
<testsuite hostname="Mypc" name="com.orgHrm.Master.basicannatations" tests="2" failures="0" timestamp="4 Jul 2016 14:14:24 GMT" time="0.049" errors="0">
  <testcase name="a" time="0.012" classname="com.orgHrm.Master.basicannatations"/>
  <testcase name="function1" time="0.037" classname="com.orgHrm.Master.basicannatations"/>
</testsuite> <!-- com.orgHrm.Master.basicannatations -->
