<?xml version="1.0" encoding="UTF-8"?>
<!-- Generated by org.testng.reporters.JUnitReportReporter -->
<testsuite hostname="Mypc" name="grid.grideg1" tests="3" failures="0" timestamp="11 Jul 2016 14:30:11 GMT" time="37.506" errors="0">
  <testcase name="grid" time="20.669" classname="grid.grideg1"/>
  <testcase name="grid" time="6.759" classname="grid.grideg1"/>
  <testcase name="grid" time="10.078" classname="grid.grideg1"/>
</testsuite> <!-- grid.grideg1 -->
