<?xml version="1.0" encoding="UTF-8"?>
<!-- Generated by org.testng.reporters.JUnitReportReporter -->
<testsuite hostname="Mypc" name="com.orgHrm.testNGMaster.empregtest" tests="1" failures="0" timestamp="5 Jul 2016 14:11:36 GMT" time="12.518" errors="0">
  <testcase name="org_Empreg" time="12.518" classname="com.orgHrm.testNGMaster.empregtest"/>
</testsuite> <!-- com.orgHrm.testNGMaster.empregtest -->
